2022-02-15 16:20:50.326  INFO 14068 --- [main] lavalink.server.Launcher                 : 

[32m       .  [31m _                  _ _       _    [32m__ _ _
[32m      /\\ [31m| | __ ___   ____ _| (_)_ __ | | __[32m\ \ \ \
[32m     ( ( )[31m| |/ _` \ \ / / _` | | | '_ \| |/ /[32m \ \ \ \
[32m      \\/ [31m| | (_| |\ V / (_| | | | | | |   < [32m  ) ) ) )
[32m       '  [31m|_|\__,_| \_/ \__,_|_|_|_| |_|_|\_\[32m / / / /
[0m    =========================================[32m/_/_/_/[0m

	Version:        3.4
	Build:          1257
	Build time:     26.10.2021 14:18:37 UTC
	Branch          master
	Commit:         a364833
	Commit time:    26.10.2021 14:15:20 UTC
	JVM:            17.0.1
	Lavaplayer      1.3.96-original

2022-02-15 16:20:50.465  INFO 14068 --- [main] lavalink.server.Launcher                 : Starting Launcher on Maximus with PID 14068 (D:\Stuff\MinSon\MinSon\bin\Debug\net5.0\Output\Lavalink.jar started by Max in D:\Stuff\MinSon\MinSon\bin\Debug\net5.0\Output)
2022-02-15 16:20:50.466  INFO 14068 --- [main] lavalink.server.Launcher                 : No active profile set, falling back to default profiles: default
2022-02-15 16:20:50.613  WARN 14068 --- [background-preinit] o.s.h.c.j.Jackson2ObjectMapperBuilder    : For Jackson Kotlin classes support please add "com.fasterxml.jackson.module:jackson-module-kotlin" to the classpath
2022-02-15 16:20:52.251  WARN 14068 --- [main] io.undertow.websockets.jsr               : UT026010: Buffer pool was not set on WebSocketDeploymentInfo, the default pool will be used
2022-02-15 16:20:52.283  INFO 14068 --- [main] io.undertow.servlet                      : Initializing Spring embedded WebApplicationContext
2022-02-15 16:20:52.284  INFO 14068 --- [main] o.s.web.context.ContextLoader            : Root WebApplicationContext: initialization completed in 1748 ms
2022-02-15 16:20:52.742  WARN 14068 --- [main] l.server.config.SentryConfiguration      : Turning off sentry
2022-02-15 16:20:53.144  INFO 14068 --- [main] c.s.d.l.tools.GarbageCollectionMonitor   : GC monitoring enabled, reporting results every 2 minutes.
2022-02-15 16:20:53.457  INFO 14068 --- [main] lavalink.server.config.KoeConfiguration  : OS: Windows 10, Arch: amd64
2022-02-15 16:20:53.458  WARN 14068 --- [main] lavalink.server.config.KoeConfiguration  : This system and architecture appears to not support native audio sending! GC pauses may cause your bot to stutter during playback.
2022-02-15 16:20:53.813  INFO 14068 --- [main] o.s.s.concurrent.ThreadPoolTaskExecutor  : Initializing ExecutorService 'applicationTaskExecutor'
2022-02-15 16:20:54.271  INFO 14068 --- [main] org.xnio                                 : XNIO version 3.3.8.Final
2022-02-15 16:20:54.287  INFO 14068 --- [main] org.xnio.nio                             : XNIO NIO Implementation Version 3.3.8.Final
2022-02-15 16:20:54.408  INFO 14068 --- [main] o.s.b.w.e.u.UndertowServletWebServer     : Undertow started on port(s) 2333 (http) with context path ''
2022-02-15 16:20:54.416  INFO 14068 --- [main] lavalink.server.Launcher                 : Started Launcher in 4.843 seconds (JVM running for 5.58)
2022-02-15 16:20:54.418  INFO 14068 --- [main] lavalink.server.Launcher                 : You can safely ignore the big red warning about illegal reflection. See https://github.com/freyacodes/Lavalink/issues/295
2022-02-15 16:21:06.249  INFO 14068 --- [XNIO-1 task-1] io.undertow.servlet                      : Initializing Spring DispatcherServlet 'dispatcherServlet'
2022-02-15 16:21:06.250  INFO 14068 --- [XNIO-1 task-1] o.s.web.servlet.DispatcherServlet        : Initializing Servlet 'dispatcherServlet'
2022-02-15 16:21:06.262  INFO 14068 --- [XNIO-1 task-1] o.s.web.servlet.DispatcherServlet        : Completed initialization in 9 ms
2022-02-15 16:21:06.292  INFO 14068 --- [XNIO-1 task-1] l.server.io.HandshakeInterceptorImpl     : Incoming connection from /127.0.0.1:56988
2022-02-15 16:21:06.382  INFO 14068 --- [XNIO-1 task-1] lavalink.server.io.SocketServer          : Connection successfully established
2022-02-15 16:21:06.382  WARN 14068 --- [XNIO-1 task-1] lavalink.server.io.SocketServer          : Library developers: Please specify a 'Client-Name' header.
2022-02-15 16:21:24.602  INFO 14068 --- [XNIO-1 I/O-8] lavalink.server.io.SocketServer          : Connection closed from /127.0.0.1:56988 -- CloseStatus[code=1006, reason=]
2022-02-15 16:21:24.602  INFO 14068 --- [XNIO-1 I/O-8] lavalink.server.io.SocketContext         : Shutting down 0 playing players.
2022-02-15 16:21:57.946  INFO 14068 --- [XNIO-1 task-2] l.server.io.HandshakeInterceptorImpl     : Incoming connection from /127.0.0.1:56992
2022-02-15 16:21:57.951  INFO 14068 --- [XNIO-1 task-2] lavalink.server.io.SocketServer          : Connection successfully established
2022-02-15 16:21:57.952  WARN 14068 --- [XNIO-1 task-2] lavalink.server.io.SocketServer          : Library developers: Please specify a 'Client-Name' header.
2022-02-15 16:22:33.643  INFO 14068 --- [XNIO-1 I/O-4] lavalink.server.io.SocketServer          : Connection closed from /127.0.0.1:56992 -- CloseStatus[code=1006, reason=]
2022-02-15 16:22:33.644  INFO 14068 --- [XNIO-1 I/O-4] lavalink.server.io.SocketContext         : Shutting down 0 playing players.
2022-02-15 16:33:08.910  INFO 14068 --- [Thread-1] o.s.s.concurrent.ThreadPoolTaskExecutor  : Shutting down ExecutorService 'applicationTaskExecutor'
2022-02-15 16:33:08.913  INFO 14068 --- [Thread-1] c.s.d.l.tools.GarbageCollectionMonitor   : GC monitoring disabled.
2022-02-15 16:33:08.916  INFO 14068 --- [Thread-1] io.undertow.servlet                      : Destroying Spring FrameworkServlet 'dispatcherServlet'
